2021-09-13 09:45:56-log: [Package] menu@1.0.0 enable
2021-09-13 09:45:56-log: [Package] profile@1.0.0 enable
2021-09-13 09:45:56-log: [Package] messages@1.0.0 enable
2021-09-13 09:45:56-log: [Package] program@1.0.0 enable
2021-09-13 09:45:56-log: [Package] device@1.0.1 enable
2021-09-13 09:45:56-log: [Package] ui-kit@1.0.1 enable
2021-09-13 09:45:56-log: [Package] tester@1.0.0 enable
2021-09-13 09:45:56-log: [Package] preferences@1.0.0 enable
2021-09-13 09:45:56-log: Setup mods mgr.: 429.639ms
2021-09-13 09:45:56-log: [Package] engine@1.0.5 enable
2021-09-13 09:46:01-log: [Package] programming@1.0.0 enable
2021-09-13 09:46:02-log: [Package] asset-db@1.0.0 enable
2021-09-13 09:46:02-log: [Package] console@1.0.0 enable
2021-09-13 09:46:02-log: [Package] scene@1.0.0 enable
2021-09-13 09:46:02-log: [Package] project@1.0.1 enable
2021-09-13 09:46:02-log: [Package] about@1.0.0 enable
2021-09-13 09:46:02-log: [Package] server@1.0.0 enable
2021-09-13 09:46:02-log: [Package] utils@1.0.0 enable
2021-09-13 09:46:02-log: [Package] assets@1.0.0 enable
2021-09-13 09:46:02-log: [Package] inspector@1.0.0 enable
2021-09-13 09:46:02-log: [Package] hierarchy@1.0.0 enable
2021-09-13 09:46:05-log: [Package] preview@1.0.1 enable
2021-09-13 09:46:05-log: [Package] animator@1.0.0 enable
2021-09-13 09:46:06-log: [Package] builder@1.2.8 enable
2021-09-13 09:46:07-log: [Package] node-library@1.0.0 enable
2021-09-13 09:46:07-log: [Package] shortcuts@1.0.1 enable
2021-09-13 09:46:07-log: [Package] importer@1.0.0 enable
2021-09-13 09:46:07-log: [Package] package-asset@1.0.0 enable
2021-09-13 09:46:07-log: [Package] reference-image@1.0.0 enable
2021-09-13 09:46:07-log: [Package] channel-upload-tools@1.0.0 enable
2021-09-13 09:46:07-log: [Package] runtime-dev-tools@1.0.0 enable
2021-09-13 09:46:07-log: [Package] alipay-mini-game@1.0.0 enable
2021-09-13 09:46:07-log: [Package] android@1.0.0 enable
2021-09-13 09:46:07-log: [Package] baidu-mini-game@1.0.0 enable
2021-09-13 09:46:07-log: [Package] bytedance-mini-game@1.0.0 enable
2021-09-13 09:46:07-log: [Package] huawei-agc@1.0.0 enable
2021-09-13 09:46:10-log: [Package] ios@1.0.0 enable
2021-09-13 09:46:10-log: [Package] ios-app-clip@1.0.0 enable
2021-09-13 09:46:10-log: [Package] mac@1.0.0 enable
2021-09-13 09:46:11-log: [Package] native@1.0.0 enable
2021-09-13 09:46:11-log: [Package] ohos@1.0.0 enable
2021-09-13 09:46:11-log: [Package] web-desktop@1.0.0 enable
2021-09-13 09:46:11-log: [Package] web-mobile@1.0.0 enable
2021-09-13 09:46:11-log: [Package] wechatgame@1.0.0 enable
2021-09-13 09:46:11-log: [Package] windows@1.0.0 enable
2021-09-13 09:46:11-log: [Package] xiaomi-quick-game@1.0.0 enable
2021-09-13 09:46:11-log: [Package] cocos-play@1.0.0 enable
2021-09-13 09:46:11-log: [Package] huawei-quick-game@1.0.0 enable
2021-09-13 09:46:11-log: [Package] link-sure@1.0.0 enable
2021-09-13 09:46:11-log: [Package] oppo-mini-game@1.0.0 enable
2021-09-13 09:46:11-log: [Package] qtt@1.0.0 enable
2021-09-13 09:46:11-log: [Package] vivo-mini-game@1.0.0 enable
2021-09-13 09:46:11-log: [Package] cocos-service@3.0.1 enable
2021-09-13 09:46:12-log: [Package] extension@3.0.8 enable
2021-09-13 09:46:13-log: [Package] im-plugin@3.0.5 enable
2021-09-13 09:46:13-log: [Package] lightmap@1.0.3 enable
2021-09-13 09:46:26-warn: [Build] Sender does not exist: 1758
2021-09-13 09:46:27-log: [Scene] begin init
2021-09-13 09:46:27-log: [Scene] require engine end
2021-09-13 09:46:27-log: [Scene] Serialize end
2021-09-13 09:46:27-log: [Scene] configureStartup end
2021-09-13 09:46:27-info: [Scene] WebGL2 device initialized.
2021-09-13 09:46:27-log: [Scene] Cocos Creator v3.3.0
2021-09-13 09:46:27-warn: [Scene] The type of "GamePlay.maxNoOfObstacles" must be CCFloat or CCInteger, not Number.
2021-09-13 09:46:27-info: [Scene] Forward render pipeline initialized.
2021-09-13 09:46:28-log: [Scene] openEngine end
2021-09-13 09:46:28-log: [Scene] configureEngine end
2021-09-13 09:46:29-warn: [Scene] The type of "GamePlay.maxNoOfObstacles" must be CCFloat or CCInteger, not Number.
2021-09-13 09:49:35-warn: [Scene] The type of "GamePlay.maxNoOfObstacles" must be CCFloat or CCInteger, not Number.
2021-09-13 09:50:12-warn: [Scene] The type of "GamePlay.maxNoOfObstacles" must be CCFloat or CCInteger, not Number.
2021-09-13 09:51:01-warn: [Scene] The type of "GamePlay.maxNoOfObstacles" must be CCFloat or CCInteger, not Number.
2021-09-13 09:52:02-warn: [Scene] The type of "GamePlay.maxNoOfObstacles" must be CCFloat or CCInteger, not Number.
2021-09-13 09:53:35-warn: [Scene] The type of "GamePlay.maxNoOfObstacles" must be CCFloat or CCInteger, not Number.
2021-09-13 09:56:10-warn: [Scene] The type of "GamePlay.maxNoOfObstacles" must be CCFloat or CCInteger, not Number.
2021-09-13 10:00:34-warn: [Scene] The type of "GamePlay.maxNoOfObstacles" must be CCFloat or CCInteger, not Number.
2021-09-13 10:01:50-warn: [Scene] The type of "GamePlay.maxNoOfObstacles" must be CCFloat or CCInteger, not Number.
2021-09-13 10:02:03-error: [preview-error]Uncaught TypeError: Cannot read properties of null (reading 'jumpTween') in http://localhost:7456/scripting/x/mods/fs/0/assets/scripts/gamePlay.js
2021-09-13 10:06:37-warn: [Scene] The type of "GamePlay.maxNoOfObstacles" must be CCFloat or CCInteger, not Number.
2021-09-13 10:06:48-error: [preview-error]Uncaught TypeError: Cannot read properties of null (reading 'jumpTween') in http://localhost:7456/scripting/x/mods/fs/0/assets/scripts/gamePlay.js
2021-09-13 10:08:14-warn: [Scene] The type of "GamePlay.maxNoOfObstacles" must be CCFloat or CCInteger, not Number.
2021-09-13 10:08:53-warn: [Scene] The type of "GamePlay.maxNoOfObstacles" must be CCFloat or CCInteger, not Number.
2021-09-13 10:09:14-warn: [Scene] The type of "GamePlay.maxNoOfObstacles" must be CCFloat or CCInteger, not Number.
2021-09-13 10:09:43-warn: [Scene] The type of "GamePlay.maxNoOfObstacles" must be CCFloat or CCInteger, not Number.
2021-09-13 10:14:03-warn: [Scene] The type of "GamePlay.maxNoOfObstacles" must be CCFloat or CCInteger, not Number.
2021-09-13 10:15:30-warn: [Scene] The type of "GamePlay.maxNoOfObstacles" must be CCFloat or CCInteger, not Number.
2021-09-13 10:16:08-warn: [Scene] The type of "GamePlay.maxNoOfObstacles" must be CCFloat or CCInteger, not Number.
2021-09-13 10:17:25-warn: [Scene] The type of "GamePlay.maxNoOfObstacles" must be CCFloat or CCInteger, not Number.
2021-09-13 10:18:15-warn: [Scene] The type of "GamePlay.maxNoOfObstacles" must be CCFloat or CCInteger, not Number.
2021-09-13 10:29:39-warn: [Scene] The type of "GamePlay.maxNoOfObstacles" must be CCFloat or CCInteger, not Number.
2021-09-13 10:30:23-warn: [Scene] The type of "GamePlay.maxNoOfObstacles" must be CCFloat or CCInteger, not Number.
2021-09-13 10:32:00-warn: [Scene] The type of "GamePlay.maxNoOfObstacles" must be CCFloat or CCInteger, not Number.
2021-09-13 10:34:10-warn: [Scene] The type of "GamePlay.maxNoOfObstacles" must be CCFloat or CCInteger, not Number.
2021-09-13 10:35:11-warn: [Scene] The type of "GamePlay.maxNoOfObstacles" must be CCFloat or CCInteger, not Number.
2021-09-13 10:36:07-warn: [Scene] The type of "GamePlay.maxNoOfObstacles" must be CCFloat or CCInteger, not Number.
2021-09-13 10:37:32-warn: [Scene] The type of "GamePlay.maxNoOfObstacles" must be CCFloat or CCInteger, not Number.
2021-09-13 10:51:56-warn: [Scene] The type of "GamePlay.maxNoOfObstacles" must be CCFloat or CCInteger, not Number.
2021-09-13 10:59:09-warn: [Scene] The type of "GamePlay.maxNoOfObstacles" must be CCFloat or CCInteger, not Number.
2021-09-13 11:32:47-warn: [Scene] The type of "GamePlay.maxNoOfObstacles" must be CCFloat or CCInteger, not Number.
2021-09-13 11:52:32-warn: [Scene] The type of "GamePlay.maxNoOfObstacles" must be CCFloat or CCInteger, not Number.
2021-09-13 11:56:44-warn: [Scene] The type of "GamePlay.maxNoOfObstacles" must be CCFloat or CCInteger, not Number.
2021-09-13 11:57:37-warn: [Scene] The type of "GamePlay.maxNoOfObstacles" must be CCFloat or CCInteger, not Number.
2021-09-13 12:20:27-error: [Scene] Cannot read property 'filter' of null
2021-09-13 12:26:08-warn: [Scene] The type of "GamePlay.maxNoOfObstacles" must be CCFloat or CCInteger, not Number.
2021-09-13 12:27:48-warn: [Scene] The type of "GamePlay.maxNoOfObstacles" must be CCFloat or CCInteger, not Number.
2021-09-13 12:28:59-warn: [Scene] The type of "GamePlay.maxNoOfObstacles" must be CCFloat or CCInteger, not Number.
2021-09-13 12:35:33-warn: [Scene] The type of "GamePlay.maxNoOfObstacles" must be CCFloat or CCInteger, not Number.
2021-09-13 12:43:38-warn: [Scene] The type of "GamePlay.maxNoOfObstacles" must be CCFloat or CCInteger, not Number.
2021-09-13 12:44:33-warn: [Scene] The type of "GamePlay.maxNoOfObstacles" must be CCFloat or CCInteger, not Number.
2021-09-13 12:48:31-warn: [Scene] The type of "GamePlay.maxNoOfObstacles" must be CCFloat or CCInteger, not Number.
2021-09-13 12:51:24-error: Failed to load module file:///Users/naushad/dinoChrome/assets/scripts/gamePlay.ts: SyntaxError: unknown: Unexpected token ',' (90:76)

  88 |                     let currPos = element.getPosition();
  89 |                     console.log('for each called');
> 90 |                     element.setPosition(new Vec3(element.getPosition().x-5,,1))
     |                                                                             ^
  91 |                     if(element.getPosition().x < -500)
  92 |                     {
  93 |                         element.setPosition(new Vec3(550.527,currPos.y,1));.
2021-09-13 12:51:24-error: Failed to load module file:///Users/naushad/dinoChrome/assets/scripts/gamePlay.ts: SyntaxError: unknown: Unexpected token ',' (90:76)

  88 |                     let currPos = element.getPosition();
  89 |                     console.log('for each called');
> 90 |                     element.setPosition(new Vec3(element.getPosition().x-5,,1))
     |                                                                             ^
  91 |                     if(element.getPosition().x < -500)
  92 |                     {
  93 |                         element.setPosition(new Vec3(550.527,currPos.y,1));.
2021-09-13 12:51:24-warn: [Scene] Missing class: db0a6RSnS9Jx5xd/0ljCciz
2021-09-13 12:51:24-error: [Scene] Script "db0a6RSnS9Jx5xd/0ljCciz" attached to "lightBG" is missing or invalid. Detailed information:
Script UUID: "db0a6452-9d2f-49c7-9c5d-ff496309c8b3"
Class ID: "db0a6RSnS9Jx5xd/0ljCciz"

2021-09-13 12:51:24-error: [Scene] Script "db0a6RSnS9Jx5xd/0ljCciz" attached to "lightBG" is missing or invalid. Detailed information:
Script UUID: "db0a6452-9d2f-49c7-9c5d-ff496309c8b3"
Class ID: "db0a6RSnS9Jx5xd/0ljCciz"

2021-09-13 12:51:51-warn: [Scene] The type of "GamePlay.maxNoOfObstacles" must be CCFloat or CCInteger, not Number.
2021-09-13 12:52:19-warn: [Scene] The type of "GamePlay.maxNoOfObstacles" must be CCFloat or CCInteger, not Number.
2021-09-13 12:52:52-warn: [Scene] The type of "GamePlay.maxNoOfObstacles" must be CCFloat or CCInteger, not Number.
2021-09-13 12:54:35-warn: [Scene] The type of "GamePlay.maxNoOfObstacles" must be CCFloat or CCInteger, not Number.
2021-09-13 12:56:39-warn: [Scene] The type of "GamePlay.maxNoOfObstacles" must be CCFloat or CCInteger, not Number.
2021-09-13 13:01:24-warn: [Scene] The type of "GamePlay.maxNoOfObstacles" must be CCFloat or CCInteger, not Number.
2021-09-13 13:01:24-error: [Scene] Cannot read property 'filter' of null
2021-09-13 13:01:52-warn: [Scene] The type of "GamePlay.maxNoOfObstacles" must be CCFloat or CCInteger, not Number.
2021-09-13 13:02:48-warn: [Scene] The type of "GamePlay.maxNoOfObstacles" must be CCFloat or CCInteger, not Number.
2021-09-13 13:04:27-warn: [Scene] The type of "GamePlay.maxNoOfObstacles" must be CCFloat or CCInteger, not Number.
2021-09-13 13:05:53-warn: [Scene] The type of "GamePlay.maxNoOfObstacles" must be CCFloat or CCInteger, not Number.
2021-09-13 13:08:39-warn: [Scene] The type of "GamePlay.maxNoOfObstacles" must be CCFloat or CCInteger, not Number.
2021-09-13 13:13:45-warn: [Scene] The type of "GamePlay.maxNoOfObstacles" must be CCFloat or CCInteger, not Number.
2021-09-13 13:15:37-warn: [Scene] The type of "GamePlay.maxNoOfObstacles" must be CCFloat or CCInteger, not Number.
2021-09-13 13:17:02-warn: [Scene] The type of "GamePlay.maxNoOfObstacles" must be CCFloat or CCInteger, not Number.
2021-09-13 13:56:44-warn: [Scene] The type of "GamePlay.maxNoOfObstacles" must be CCFloat or CCInteger, not Number.
2021-09-13 13:56:44-warn: [Scene] The type of "GamePlay.maxNoOfObstacles" must be CCFloat or CCInteger, not Number.
2021-09-13 13:57:37-warn: [Scene] The type of "GamePlay.maxNoOfObstacles" must be CCFloat or CCInteger, not Number.
2021-09-13 13:58:28-warn: [Scene] The type of "GamePlay.maxNoOfObstacles" must be CCFloat or CCInteger, not Number.
2021-09-13 13:58:55-warn: [Scene] The type of "GamePlay.maxNoOfObstacles" must be CCFloat or CCInteger, not Number.
2021-09-13 13:59:23-warn: [Scene] The type of "GamePlay.maxNoOfObstacles" must be CCFloat or CCInteger, not Number.
2021-09-13 14:14:43-log: [Scene] don't support this function in current mode general setCurEditTime
2021-09-13 14:18:04-error: Message response error: parameter error
2021-09-13 14:26:09-warn: [Scene] The type of "GamePlay.maxNoOfObstacles" must be CCFloat or CCInteger, not Number.
2021-09-13 14:26:38-warn: [Scene] The type of "GamePlay.maxNoOfObstacles" must be CCFloat or CCInteger, not Number.
2021-09-13 14:27:29-warn: [Scene] The type of "GamePlay.maxNoOfObstacles" must be CCFloat or CCInteger, not Number.
2021-09-13 14:28:25-warn: [Scene] The type of "GamePlay.maxNoOfObstacles" must be CCFloat or CCInteger, not Number.
2021-09-13 14:29:40-warn: [Scene] The type of "GamePlay.maxNoOfObstacles" must be CCFloat or CCInteger, not Number.
2021-09-13 14:30:16-warn: [Scene] The type of "GamePlay.maxNoOfObstacles" must be CCFloat or CCInteger, not Number.
2021-09-13 14:30:57-warn: [Scene] The type of "GamePlay.maxNoOfObstacles" must be CCFloat or CCInteger, not Number.
2021-09-13 14:31:17-warn: [Scene] The type of "GamePlay.maxNoOfObstacles" must be CCFloat or CCInteger, not Number.
2021-09-13 14:34:14-warn: [Scene] The type of "GamePlay.maxNoOfObstacles" must be CCFloat or CCInteger, not Number.
2021-09-13 14:37:00-warn: [Scene] The type of "GamePlay.maxNoOfObstacles" must be CCFloat or CCInteger, not Number.
2021-09-13 14:37:26-warn: [Scene] The type of "GamePlay.maxNoOfObstacles" must be CCFloat or CCInteger, not Number.
2021-09-13 14:38:51-warn: [Scene] The type of "GamePlay.maxNoOfObstacles" must be CCFloat or CCInteger, not Number.
2021-09-13 14:39:53-warn: [Scene] The type of "GamePlay.maxNoOfObstacles" must be CCFloat or CCInteger, not Number.
2021-09-13 14:40:20-warn: [Scene] The type of "GamePlay.maxNoOfObstacles" must be CCFloat or CCInteger, not Number.
2021-09-13 14:41:24-warn: [Scene] The type of "GamePlay.maxNoOfObstacles" must be CCFloat or CCInteger, not Number.
2021-09-13 14:41:53-warn: [Scene] The type of "GamePlay.maxNoOfObstacles" must be CCFloat or CCInteger, not Number.
2021-09-13 14:42:03-warn: [Scene] The type of "GamePlay.maxNoOfObstacles" must be CCFloat or CCInteger, not Number.
2021-09-13 14:42:13-warn: [Scene] The type of "GamePlay.maxNoOfObstacles" must be CCFloat or CCInteger, not Number.
2021-09-13 14:43:46-warn: [Scene] The type of "GamePlay.maxNoOfObstacles" must be CCFloat or CCInteger, not Number.
2021-09-13 14:56:50-warn: [Scene] The type of "GamePlay.maxNoOfObstacles" must be CCFloat or CCInteger, not Number.
